This file contains any messages produced by compilers while
running configure, to aid debugging if configure makes a mistake.

It was created by Fermi_Tests configure 1.0.0, which was
generated by GNU Autoconf 2.69.  Invocation command line was

  $ ./configure 

## --------- ##
## Platform. ##
## --------- ##

hostname = 2f0d584a4178
uname -m = x86_64
uname -r = 4.9.41-moby
uname -s = Linux
uname -v = #1 SMP Fri Aug 18 01:58:38 UTC 2017

/usr/bin/uname -p = unknown
/bin/uname -X     = unknown

/bin/arch              = x86_64
/usr/bin/arch -k       = unknown
/usr/convex/getsysinfo = unknown
/usr/bin/hostinfo      = unknown
/bin/machine           = unknown
/usr/bin/oslevel       = unknown
/bin/universe          = unknown

PATH: /root/anaconda2/bin
PATH: /opt/rh/devtoolset-2/root/usr/bin
PATH: /usr/local/sbin
PATH: /usr/local/bin
PATH: /usr/sbin
PATH: /usr/bin
PATH: /sbin
PATH: /bin


## ----------- ##
## Core tests. ##
## ----------- ##

configure:2296: checking for a BSD-compatible install
configure:2364: result: /usr/bin/install -c
configure:2375: checking whether build environment is sane
configure:2430: result: yes
configure:2581: checking for a thread-safe mkdir -p
configure:2620: result: /bin/mkdir -p
configure:2627: checking for gawk
configure:2643: found /usr/bin/gawk
configure:2654: result: gawk
configure:2665: checking whether make sets $(MAKE)
configure:2687: result: yes
configure:2716: checking whether make supports nested variables
configure:2733: result: yes
configure:2922: checking for g++
configure:2938: found /opt/rh/devtoolset-2/root/usr/bin/g++
configure:2949: result: g++
configure:2976: checking for C++ compiler version
configure:2985: g++ --version >&5
g++ (GCC) 4.8.2 20140120 (Red Hat 4.8.2-15)
Copyright (C) 2013 Free Software Foundation, Inc.
This is free software; see the source for copying conditions.  There is NO
warranty; not even for MERCHANTABILITY or FITNESS FOR A PARTICULAR PURPOSE.

configure:2996: $? = 0
configure:2985: g++ -v >&5
Using built-in specs.
COLLECT_GCC=g++
COLLECT_LTO_WRAPPER=/opt/rh/devtoolset-2/root/usr/libexec/gcc/x86_64-CentOS-linux/4.8.2/lto-wrapper
Target: x86_64-CentOS-linux
Configured with: ../configure --prefix=/opt/rh/devtoolset-2/root/usr --mandir=/opt/rh/devtoolset-2/root/usr/share/man --infodir=/opt/rh/devtoolset-2/root/usr/share/info --with-bugurl=http://bugzilla.redhat.com/bugzilla --enable-bootstrap --enable-shared --enable-threads=posix --enable-checking=release --with-system-zlib --enable-__cxa_atexit --disable-libunwind-exceptions --disable-gnu-unique-object --enable-linker-build-id --enable-languages=c,c++,fortran,lto --enable-plugin --with-linker-hash-style=gnu --enable-initfini-array --disable-libgcj --with-isl=/home/centos/rpm/BUILD/gcc-4.8.2-20140120/obj-x86_64-CentOS-linux/isl-install --with-cloog=/home/centos/rpm/BUILD/gcc-4.8.2-20140120/obj-x86_64-CentOS-linux/cloog-install --with-gmp=/home/centos/rpm/BUILD/gcc-4.8.2-20140120/obj-x86_64-CentOS-linux/gmp-install --with-mpfr=/home/centos/rpm/BUILD/gcc-4.8.2-20140120/obj-x86_64-CentOS-linux/mpfr-install --with-mpc=/home/centos/rpm/BUILD/gcc-4.8.2-20140120/obj-x86_64-CentOS-linux/mpc-install --with-tune=generic --with-arch_32=i586 --build=x86_64-CentOS-linux
Thread model: posix
gcc version 4.8.2 20140120 (Red Hat 4.8.2-15) (GCC) 
configure:2996: $? = 0
configure:2985: g++ -V >&5
g++: error: unrecognized command line option '-V'
g++: fatal error: no input files
compilation terminated.
configure:2996: $? = 4
configure:2985: g++ -qversion >&5
g++: error: unrecognized command line option '-qversion'
g++: fatal error: no input files
compilation terminated.
configure:2996: $? = 4
configure:3016: checking whether the C++ compiler works
configure:3038: g++    conftest.cpp  >&5
configure:3042: $? = 0
configure:3090: result: yes
configure:3093: checking for C++ compiler default output file name
configure:3095: result: a.out
configure:3101: checking for suffix of executables
configure:3108: g++ -o conftest    conftest.cpp  >&5
configure:3112: $? = 0
configure:3134: result: 
configure:3156: checking whether we are cross compiling
configure:3164: g++ -o conftest    conftest.cpp  >&5
configure:3168: $? = 0
configure:3175: ./conftest
configure:3179: $? = 0
configure:3194: result: no
configure:3199: checking for suffix of object files
configure:3221: g++ -c   conftest.cpp >&5
configure:3225: $? = 0
configure:3246: result: o
configure:3250: checking whether we are using the GNU C++ compiler
configure:3269: g++ -c   conftest.cpp >&5
configure:3269: $? = 0
configure:3278: result: yes
configure:3287: checking whether g++ accepts -g
configure:3307: g++ -c -g  conftest.cpp >&5
configure:3307: $? = 0
configure:3348: result: yes
configure:3382: checking for style of include used by make
configure:3410: result: GNU
configure:3436: checking dependency style of g++
configure:3547: result: gcc3
configure:3610: checking for gcc
configure:3626: found /opt/rh/devtoolset-2/root/usr/bin/gcc
configure:3637: result: gcc
configure:3866: checking for C compiler version
configure:3875: gcc --version >&5
gcc (GCC) 4.8.2 20140120 (Red Hat 4.8.2-15)
Copyright (C) 2013 Free Software Foundation, Inc.
This is free software; see the source for copying conditions.  There is NO
warranty; not even for MERCHANTABILITY or FITNESS FOR A PARTICULAR PURPOSE.

configure:3886: $? = 0
configure:3875: gcc -v >&5
Using built-in specs.
COLLECT_GCC=gcc
COLLECT_LTO_WRAPPER=/opt/rh/devtoolset-2/root/usr/libexec/gcc/x86_64-CentOS-linux/4.8.2/lto-wrapper
Target: x86_64-CentOS-linux
Configured with: ../configure --prefix=/opt/rh/devtoolset-2/root/usr --mandir=/opt/rh/devtoolset-2/root/usr/share/man --infodir=/opt/rh/devtoolset-2/root/usr/share/info --with-bugurl=http://bugzilla.redhat.com/bugzilla --enable-bootstrap --enable-shared --enable-threads=posix --enable-checking=release --with-system-zlib --enable-__cxa_atexit --disable-libunwind-exceptions --disable-gnu-unique-object --enable-linker-build-id --enable-languages=c,c++,fortran,lto --enable-plugin --with-linker-hash-style=gnu --enable-initfini-array --disable-libgcj --with-isl=/home/centos/rpm/BUILD/gcc-4.8.2-20140120/obj-x86_64-CentOS-linux/isl-install --with-cloog=/home/centos/rpm/BUILD/gcc-4.8.2-20140120/obj-x86_64-CentOS-linux/cloog-install --with-gmp=/home/centos/rpm/BUILD/gcc-4.8.2-20140120/obj-x86_64-CentOS-linux/gmp-install --with-mpfr=/home/centos/rpm/BUILD/gcc-4.8.2-20140120/obj-x86_64-CentOS-linux/mpfr-install --with-mpc=/home/centos/rpm/BUILD/gcc-4.8.2-20140120/obj-x86_64-CentOS-linux/mpc-install --with-tune=generic --with-arch_32=i586 --build=x86_64-CentOS-linux
Thread model: posix
gcc version 4.8.2 20140120 (Red Hat 4.8.2-15) (GCC) 
configure:3886: $? = 0
configure:3875: gcc -V >&5
gcc: error: unrecognized command line option '-V'
gcc: fatal error: no input files
compilation terminated.
configure:3886: $? = 4
configure:3875: gcc -qversion >&5
gcc: error: unrecognized command line option '-qversion'
gcc: fatal error: no input files
compilation terminated.
configure:3886: $? = 4
configure:3890: checking whether we are using the GNU C compiler
configure:3909: gcc -c   conftest.c >&5
configure:3909: $? = 0
configure:3918: result: yes
configure:3927: checking whether gcc accepts -g
configure:3947: gcc -c -g  conftest.c >&5
configure:3947: $? = 0
configure:3988: result: yes
configure:4005: checking for gcc option to accept ISO C89
configure:4068: gcc  -c -g -O2  conftest.c >&5
configure:4068: $? = 0
configure:4081: result: none needed
configure:4106: checking whether gcc understands -c and -o together
configure:4128: gcc -c conftest.c -o conftest2.o
configure:4131: $? = 0
configure:4128: gcc -c conftest.c -o conftest2.o
configure:4131: $? = 0
configure:4143: result: yes
configure:4162: checking dependency style of gcc
configure:4273: result: gcc3
configure:4292: checking for main in -lEarthPhenom
configure:4311: gcc -o conftest -g -O2   conftest.c -lEarthPhenom   >&5
/opt/rh/devtoolset-2/root/usr/libexec/gcc/x86_64-CentOS-linux/4.8.2/ld: cannot find -lEarthPhenom
collect2: error: ld returned 1 exit status
configure:4311: $? = 1
configure: failed program was:
| /* confdefs.h */
| #define PACKAGE_NAME "Fermi_Tests"
| #define PACKAGE_TARNAME "fermi_tests"
| #define PACKAGE_VERSION "1.0.0"
| #define PACKAGE_STRING "Fermi_Tests 1.0.0"
| #define PACKAGE_BUGREPORT "joseph.a.asercion@nasa.gov"
| #define PACKAGE_URL ""
| #define PACKAGE "fermi_tests"
| #define VERSION "1.0.0"
| /* end confdefs.h.  */
| 
| 
| int
| main ()
| {
| return main ();
|   ;
|   return 0;
| }
configure:4320: result: no
configure:4332: checking for main in -lGRBobs
configure:4351: gcc -o conftest -g -O2   conftest.c -lGRBobs   >&5
/opt/rh/devtoolset-2/root/usr/libexec/gcc/x86_64-CentOS-linux/4.8.2/ld: cannot find -lGRBobs
collect2: error: ld returned 1 exit status
configure:4351: $? = 1
configure: failed program was:
| /* confdefs.h */
| #define PACKAGE_NAME "Fermi_Tests"
| #define PACKAGE_TARNAME "fermi_tests"
| #define PACKAGE_VERSION "1.0.0"
| #define PACKAGE_STRING "Fermi_Tests 1.0.0"
| #define PACKAGE_BUGREPORT "joseph.a.asercion@nasa.gov"
| #define PACKAGE_URL ""
| #define PACKAGE "fermi_tests"
| #define VERSION "1.0.0"
| /* end confdefs.h.  */
| 
| 
| int
| main ()
| {
| return main ();
|   ;
|   return 0;
| }
configure:4360: result: no
configure:4372: checking for main in -lGRBtemplate
configure:4391: gcc -o conftest -g -O2   conftest.c -lGRBtemplate   >&5
/opt/rh/devtoolset-2/root/usr/libexec/gcc/x86_64-CentOS-linux/4.8.2/ld: cannot find -lGRBtemplate
collect2: error: ld returned 1 exit status
configure:4391: $? = 1
configure: failed program was:
| /* confdefs.h */
| #define PACKAGE_NAME "Fermi_Tests"
| #define PACKAGE_TARNAME "fermi_tests"
| #define PACKAGE_VERSION "1.0.0"
| #define PACKAGE_STRING "Fermi_Tests 1.0.0"
| #define PACKAGE_BUGREPORT "joseph.a.asercion@nasa.gov"
| #define PACKAGE_URL ""
| #define PACKAGE "fermi_tests"
| #define VERSION "1.0.0"
| /* end confdefs.h.  */
| 
| 
| int
| main ()
| {
| return main ();
|   ;
|   return 0;
| }
configure:4400: result: no
configure:4412: checking for main in -lSpectObj
configure:4431: gcc -o conftest -g -O2   conftest.c -lSpectObj   >&5
/opt/rh/devtoolset-2/root/usr/libexec/gcc/x86_64-CentOS-linux/4.8.2/ld: cannot find -lSpectObj
collect2: error: ld returned 1 exit status
configure:4431: $? = 1
configure: failed program was:
| /* confdefs.h */
| #define PACKAGE_NAME "Fermi_Tests"
| #define PACKAGE_TARNAME "fermi_tests"
| #define PACKAGE_VERSION "1.0.0"
| #define PACKAGE_STRING "Fermi_Tests 1.0.0"
| #define PACKAGE_BUGREPORT "joseph.a.asercion@nasa.gov"
| #define PACKAGE_URL ""
| #define PACKAGE "fermi_tests"
| #define VERSION "1.0.0"
| /* end confdefs.h.  */
| 
| 
| int
| main ()
| {
| return main ();
|   ;
|   return 0;
| }
configure:4440: result: no
configure:4452: checking for main in -lTreePlayer
configure:4471: gcc -o conftest -g -O2   conftest.c -lTreePlayer   >&5
/opt/rh/devtoolset-2/root/usr/libexec/gcc/x86_64-CentOS-linux/4.8.2/ld: cannot find -lTreePlayer
collect2: error: ld returned 1 exit status
configure:4471: $? = 1
configure: failed program was:
| /* confdefs.h */
| #define PACKAGE_NAME "Fermi_Tests"
| #define PACKAGE_TARNAME "fermi_tests"
| #define PACKAGE_VERSION "1.0.0"
| #define PACKAGE_STRING "Fermi_Tests 1.0.0"
| #define PACKAGE_BUGREPORT "joseph.a.asercion@nasa.gov"
| #define PACKAGE_URL ""
| #define PACKAGE "fermi_tests"
| #define VERSION "1.0.0"
| /* end confdefs.h.  */
| 
| 
| int
| main ()
| {
| return main ();
|   ;
|   return 0;
| }
configure:4480: result: no
configure:4492: checking for main in -ldc1aResponse
configure:4511: gcc -o conftest -g -O2   conftest.c -ldc1aResponse   >&5
/opt/rh/devtoolset-2/root/usr/libexec/gcc/x86_64-CentOS-linux/4.8.2/ld: cannot find -ldc1aResponse
collect2: error: ld returned 1 exit status
configure:4511: $? = 1
configure: failed program was:
| /* confdefs.h */
| #define PACKAGE_NAME "Fermi_Tests"
| #define PACKAGE_TARNAME "fermi_tests"
| #define PACKAGE_VERSION "1.0.0"
| #define PACKAGE_STRING "Fermi_Tests 1.0.0"
| #define PACKAGE_BUGREPORT "joseph.a.asercion@nasa.gov"
| #define PACKAGE_URL ""
| #define PACKAGE "fermi_tests"
| #define VERSION "1.0.0"
| /* end confdefs.h.  */
| 
| 
| int
| main ()
| {
| return main ();
|   ;
|   return 0;
| }
configure:4520: result: no
configure:4532: checking for main in -leblAtten
configure:4551: gcc -o conftest -g -O2   conftest.c -leblAtten   >&5
/opt/rh/devtoolset-2/root/usr/libexec/gcc/x86_64-CentOS-linux/4.8.2/ld: cannot find -leblAtten
collect2: error: ld returned 1 exit status
configure:4551: $? = 1
configure: failed program was:
| /* confdefs.h */
| #define PACKAGE_NAME "Fermi_Tests"
| #define PACKAGE_TARNAME "fermi_tests"
| #define PACKAGE_VERSION "1.0.0"
| #define PACKAGE_STRING "Fermi_Tests 1.0.0"
| #define PACKAGE_BUGREPORT "joseph.a.asercion@nasa.gov"
| #define PACKAGE_URL ""
| #define PACKAGE "fermi_tests"
| #define VERSION "1.0.0"
| /* end confdefs.h.  */
| 
| 
| int
| main ()
| {
| return main ();
|   ;
|   return 0;
| }
configure:4560: result: no
configure:4572: checking for main in -levtUtils
configure:4591: gcc -o conftest -g -O2   conftest.c -levtUtils   >&5
/opt/rh/devtoolset-2/root/usr/libexec/gcc/x86_64-CentOS-linux/4.8.2/ld: cannot find -levtUtils
collect2: error: ld returned 1 exit status
configure:4591: $? = 1
configure: failed program was:
| /* confdefs.h */
| #define PACKAGE_NAME "Fermi_Tests"
| #define PACKAGE_TARNAME "fermi_tests"
| #define PACKAGE_VERSION "1.0.0"
| #define PACKAGE_STRING "Fermi_Tests 1.0.0"
| #define PACKAGE_BUGREPORT "joseph.a.asercion@nasa.gov"
| #define PACKAGE_URL ""
| #define PACKAGE "fermi_tests"
| #define VERSION "1.0.0"
| /* end confdefs.h.  */
| 
| 
| int
| main ()
| {
| return main ();
|   ;
|   return 0;
| }
configure:4600: result: no
configure:4612: checking for main in -lgenericSources
configure:4631: gcc -o conftest -g -O2   conftest.c -lgenericSources   >&5
/opt/rh/devtoolset-2/root/usr/libexec/gcc/x86_64-CentOS-linux/4.8.2/ld: cannot find -lgenericSources
collect2: error: ld returned 1 exit status
configure:4631: $? = 1
configure: failed program was:
| /* confdefs.h */
| #define PACKAGE_NAME "Fermi_Tests"
| #define PACKAGE_TARNAME "fermi_tests"
| #define PACKAGE_VERSION "1.0.0"
| #define PACKAGE_STRING "Fermi_Tests 1.0.0"
| #define PACKAGE_BUGREPORT "joseph.a.asercion@nasa.gov"
| #define PACKAGE_URL ""
| #define PACKAGE "fermi_tests"
| #define VERSION "1.0.0"
| /* end confdefs.h.  */
| 
| 
| int
| main ()
| {
| return main ();
|   ;
|   return 0;
| }
configure:4640: result: no
configure:4652: checking for main in -lgsl
configure:4671: gcc -o conftest -g -O2   conftest.c -lgsl   >&5
/opt/rh/devtoolset-2/root/usr/libexec/gcc/x86_64-CentOS-linux/4.8.2/ld: cannot find -lgsl
collect2: error: ld returned 1 exit status
configure:4671: $? = 1
configure: failed program was:
| /* confdefs.h */
| #define PACKAGE_NAME "Fermi_Tests"
| #define PACKAGE_TARNAME "fermi_tests"
| #define PACKAGE_VERSION "1.0.0"
| #define PACKAGE_STRING "Fermi_Tests 1.0.0"
| #define PACKAGE_BUGREPORT "joseph.a.asercion@nasa.gov"
| #define PACKAGE_URL ""
| #define PACKAGE "fermi_tests"
| #define VERSION "1.0.0"
| /* end confdefs.h.  */
| 
| 
| int
| main ()
| {
| return main ();
|   ;
|   return 0;
| }
configure:4680: result: no
configure:4692: checking for main in -lgslcblas
configure:4711: gcc -o conftest -g -O2   conftest.c -lgslcblas   >&5
/opt/rh/devtoolset-2/root/usr/libexec/gcc/x86_64-CentOS-linux/4.8.2/ld: cannot find -lgslcblas
collect2: error: ld returned 1 exit status
configure:4711: $? = 1
configure: failed program was:
| /* confdefs.h */
| #define PACKAGE_NAME "Fermi_Tests"
| #define PACKAGE_TARNAME "fermi_tests"
| #define PACKAGE_VERSION "1.0.0"
| #define PACKAGE_STRING "Fermi_Tests 1.0.0"
| #define PACKAGE_BUGREPORT "joseph.a.asercion@nasa.gov"
| #define PACKAGE_URL ""
| #define PACKAGE "fermi_tests"
| #define VERSION "1.0.0"
| /* end confdefs.h.  */
| 
| 
| int
| main ()
| {
| return main ();
|   ;
|   return 0;
| }
configure:4720: result: no
configure:4732: checking for main in -lhealpix_cxx
configure:4751: gcc -o conftest -g -O2   conftest.c -lhealpix_cxx   >&5
/opt/rh/devtoolset-2/root/usr/libexec/gcc/x86_64-CentOS-linux/4.8.2/ld: cannot find -lhealpix_cxx
collect2: error: ld returned 1 exit status
configure:4751: $? = 1
configure: failed program was:
| /* confdefs.h */
| #define PACKAGE_NAME "Fermi_Tests"
| #define PACKAGE_TARNAME "fermi_tests"
| #define PACKAGE_VERSION "1.0.0"
| #define PACKAGE_STRING "Fermi_Tests 1.0.0"
| #define PACKAGE_BUGREPORT "joseph.a.asercion@nasa.gov"
| #define PACKAGE_URL ""
| #define PACKAGE "fermi_tests"
| #define VERSION "1.0.0"
| /* end confdefs.h.  */
| 
| 
| int
| main ()
| {
| return main ();
|   ;
|   return 0;
| }
configure:4760: result: no
configure:4772: checking for main in -lirfInterface
configure:4791: gcc -o conftest -g -O2   conftest.c -lirfInterface   >&5
/opt/rh/devtoolset-2/root/usr/libexec/gcc/x86_64-CentOS-linux/4.8.2/ld: cannot find -lirfInterface
collect2: error: ld returned 1 exit status
configure:4791: $? = 1
configure: failed program was:
| /* confdefs.h */
| #define PACKAGE_NAME "Fermi_Tests"
| #define PACKAGE_TARNAME "fermi_tests"
| #define PACKAGE_VERSION "1.0.0"
| #define PACKAGE_STRING "Fermi_Tests 1.0.0"
| #define PACKAGE_BUGREPORT "joseph.a.asercion@nasa.gov"
| #define PACKAGE_URL ""
| #define PACKAGE "fermi_tests"
| #define VERSION "1.0.0"
| /* end confdefs.h.  */
| 
| 
| int
| main ()
| {
| return main ();
|   ;
|   return 0;
| }
configure:4800: result: no
configure:4812: checking for main in -lirfLoader
configure:4831: gcc -o conftest -g -O2   conftest.c -lirfLoader   >&5
/opt/rh/devtoolset-2/root/usr/libexec/gcc/x86_64-CentOS-linux/4.8.2/ld: cannot find -lirfLoader
collect2: error: ld returned 1 exit status
configure:4831: $? = 1
configure: failed program was:
| /* confdefs.h */
| #define PACKAGE_NAME "Fermi_Tests"
| #define PACKAGE_TARNAME "fermi_tests"
| #define PACKAGE_VERSION "1.0.0"
| #define PACKAGE_STRING "Fermi_Tests 1.0.0"
| #define PACKAGE_BUGREPORT "joseph.a.asercion@nasa.gov"
| #define PACKAGE_URL ""
| #define PACKAGE "fermi_tests"
| #define VERSION "1.0.0"
| /* end confdefs.h.  */
| 
| 
| int
| main ()
| {
| return main ();
|   ;
|   return 0;
| }
configure:4840: result: no
configure:4852: checking for main in -lirfUtil
configure:4871: gcc -o conftest -g -O2   conftest.c -lirfUtil   >&5
/opt/rh/devtoolset-2/root/usr/libexec/gcc/x86_64-CentOS-linux/4.8.2/ld: cannot find -lirfUtil
collect2: error: ld returned 1 exit status
configure:4871: $? = 1
configure: failed program was:
| /* confdefs.h */
| #define PACKAGE_NAME "Fermi_Tests"
| #define PACKAGE_TARNAME "fermi_tests"
| #define PACKAGE_VERSION "1.0.0"
| #define PACKAGE_STRING "Fermi_Tests 1.0.0"
| #define PACKAGE_BUGREPORT "joseph.a.asercion@nasa.gov"
| #define PACKAGE_URL ""
| #define PACKAGE "fermi_tests"
| #define VERSION "1.0.0"
| /* end confdefs.h.  */
| 
| 
| int
| main ()
| {
| return main ();
|   ;
|   return 0;
| }
configure:4880: result: no
configure:4892: checking for main in -llatResponse
configure:4911: gcc -o conftest -g -O2   conftest.c -llatResponse   >&5
/opt/rh/devtoolset-2/root/usr/libexec/gcc/x86_64-CentOS-linux/4.8.2/ld: cannot find -llatResponse
collect2: error: ld returned 1 exit status
configure:4911: $? = 1
configure: failed program was:
| /* confdefs.h */
| #define PACKAGE_NAME "Fermi_Tests"
| #define PACKAGE_TARNAME "fermi_tests"
| #define PACKAGE_VERSION "1.0.0"
| #define PACKAGE_STRING "Fermi_Tests 1.0.0"
| #define PACKAGE_BUGREPORT "joseph.a.asercion@nasa.gov"
| #define PACKAGE_URL ""
| #define PACKAGE "fermi_tests"
| #define VERSION "1.0.0"
| /* end confdefs.h.  */
| 
| 
| int
| main ()
| {
| return main ();
|   ;
|   return 0;
| }
configure:4920: result: no
configure:4932: checking for main in -lmicroQuasar
configure:4951: gcc -o conftest -g -O2   conftest.c -lmicroQuasar   >&5
/opt/rh/devtoolset-2/root/usr/libexec/gcc/x86_64-CentOS-linux/4.8.2/ld: cannot find -lmicroQuasar
collect2: error: ld returned 1 exit status
configure:4951: $? = 1
configure: failed program was:
| /* confdefs.h */
| #define PACKAGE_NAME "Fermi_Tests"
| #define PACKAGE_TARNAME "fermi_tests"
| #define PACKAGE_VERSION "1.0.0"
| #define PACKAGE_STRING "Fermi_Tests 1.0.0"
| #define PACKAGE_BUGREPORT "joseph.a.asercion@nasa.gov"
| #define PACKAGE_URL ""
| #define PACKAGE "fermi_tests"
| #define VERSION "1.0.0"
| /* end confdefs.h.  */
| 
| 
| int
| main ()
| {
| return main ();
|   ;
|   return 0;
| }
configure:4960: result: no
configure:4972: checking for main in -ltestResponse
configure:4991: gcc -o conftest -g -O2   conftest.c -ltestResponse   >&5
/opt/rh/devtoolset-2/root/usr/libexec/gcc/x86_64-CentOS-linux/4.8.2/ld: cannot find -ltestResponse
collect2: error: ld returned 1 exit status
configure:4991: $? = 1
configure: failed program was:
| /* confdefs.h */
| #define PACKAGE_NAME "Fermi_Tests"
| #define PACKAGE_TARNAME "fermi_tests"
| #define PACKAGE_VERSION "1.0.0"
| #define PACKAGE_STRING "Fermi_Tests 1.0.0"
| #define PACKAGE_BUGREPORT "joseph.a.asercion@nasa.gov"
| #define PACKAGE_URL ""
| #define PACKAGE "fermi_tests"
| #define VERSION "1.0.0"
| /* end confdefs.h.  */
| 
| 
| int
| main ()
| {
| return main ();
|   ;
|   return 0;
| }
configure:5000: result: no
configure:5012: checking for main in -lxmlBase
configure:5031: gcc -o conftest -g -O2   conftest.c -lxmlBase   >&5
/opt/rh/devtoolset-2/root/usr/libexec/gcc/x86_64-CentOS-linux/4.8.2/ld: cannot find -lxmlBase
collect2: error: ld returned 1 exit status
configure:5031: $? = 1
configure: failed program was:
| /* confdefs.h */
| #define PACKAGE_NAME "Fermi_Tests"
| #define PACKAGE_TARNAME "fermi_tests"
| #define PACKAGE_VERSION "1.0.0"
| #define PACKAGE_STRING "Fermi_Tests 1.0.0"
| #define PACKAGE_BUGREPORT "joseph.a.asercion@nasa.gov"
| #define PACKAGE_URL ""
| #define PACKAGE "fermi_tests"
| #define VERSION "1.0.0"
| /* end confdefs.h.  */
| 
| 
| int
| main ()
| {
| return main ();
|   ;
|   return 0;
| }
configure:5040: result: no
configure:5058: checking how to run the C preprocessor
configure:5089: gcc -E  conftest.c
configure:5089: $? = 0
configure:5103: gcc -E  conftest.c
conftest.c:11:28: fatal error: ac_nonexistent.h: No such file or directory
 #include <ac_nonexistent.h>
                            ^
compilation terminated.
configure:5103: $? = 1
configure: failed program was:
| /* confdefs.h */
| #define PACKAGE_NAME "Fermi_Tests"
| #define PACKAGE_TARNAME "fermi_tests"
| #define PACKAGE_VERSION "1.0.0"
| #define PACKAGE_STRING "Fermi_Tests 1.0.0"
| #define PACKAGE_BUGREPORT "joseph.a.asercion@nasa.gov"
| #define PACKAGE_URL ""
| #define PACKAGE "fermi_tests"
| #define VERSION "1.0.0"
| /* end confdefs.h.  */
| #include <ac_nonexistent.h>
configure:5128: result: gcc -E
configure:5148: gcc -E  conftest.c
configure:5148: $? = 0
configure:5162: gcc -E  conftest.c
conftest.c:11:28: fatal error: ac_nonexistent.h: No such file or directory
 #include <ac_nonexistent.h>
                            ^
compilation terminated.
configure:5162: $? = 1
configure: failed program was:
| /* confdefs.h */
| #define PACKAGE_NAME "Fermi_Tests"
| #define PACKAGE_TARNAME "fermi_tests"
| #define PACKAGE_VERSION "1.0.0"
| #define PACKAGE_STRING "Fermi_Tests 1.0.0"
| #define PACKAGE_BUGREPORT "joseph.a.asercion@nasa.gov"
| #define PACKAGE_URL ""
| #define PACKAGE "fermi_tests"
| #define VERSION "1.0.0"
| /* end confdefs.h.  */
| #include <ac_nonexistent.h>
configure:5191: checking for grep that handles long lines and -e
configure:5249: result: /bin/grep
configure:5254: checking for egrep
configure:5316: result: /bin/grep -E
configure:5321: checking for ANSI C header files
configure:5341: gcc -c -g -O2  conftest.c >&5
configure:5341: $? = 0
configure:5414: gcc -o conftest -g -O2   conftest.c  >&5
configure:5414: $? = 0
configure:5414: ./conftest
configure:5414: $? = 0
configure:5425: result: yes
configure:5438: checking for sys/types.h
configure:5438: gcc -c -g -O2  conftest.c >&5
configure:5438: $? = 0
configure:5438: result: yes
configure:5438: checking for sys/stat.h
configure:5438: gcc -c -g -O2  conftest.c >&5
configure:5438: $? = 0
configure:5438: result: yes
configure:5438: checking for stdlib.h
configure:5438: gcc -c -g -O2  conftest.c >&5
configure:5438: $? = 0
configure:5438: result: yes
configure:5438: checking for string.h
configure:5438: gcc -c -g -O2  conftest.c >&5
configure:5438: $? = 0
configure:5438: result: yes
configure:5438: checking for memory.h
configure:5438: gcc -c -g -O2  conftest.c >&5
configure:5438: $? = 0
configure:5438: result: yes
configure:5438: checking for strings.h
configure:5438: gcc -c -g -O2  conftest.c >&5
configure:5438: $? = 0
configure:5438: result: yes
configure:5438: checking for inttypes.h
configure:5438: gcc -c -g -O2  conftest.c >&5
configure:5438: $? = 0
configure:5438: result: yes
configure:5438: checking for stdint.h
configure:5438: gcc -c -g -O2  conftest.c >&5
configure:5438: $? = 0
configure:5438: result: yes
configure:5438: checking for unistd.h
configure:5438: gcc -c -g -O2  conftest.c >&5
configure:5438: $? = 0
configure:5438: result: yes
configure:5453: checking fenv.h usability
configure:5453: gcc -c -g -O2  conftest.c >&5
configure:5453: $? = 0
configure:5453: result: yes
configure:5453: checking fenv.h presence
configure:5453: gcc -E  conftest.c
configure:5453: $? = 0
configure:5453: result: yes
configure:5453: checking for fenv.h
configure:5453: result: yes
configure:5453: checking for unistd.h
configure:5453: result: yes
configure:5465: checking for stdbool.h that conforms to C99
configure:5532: gcc -c -g -O2  conftest.c >&5
configure:5532: $? = 0
configure:5539: result: yes
configure:5541: checking for _Bool
configure:5541: gcc -c -g -O2  conftest.c >&5
configure:5541: $? = 0
configure:5541: gcc -c -g -O2  conftest.c >&5
conftest.c: In function 'main':
conftest.c:59:20: error: expected expression before ')' token
 if (sizeof ((_Bool)))
                    ^
configure:5541: $? = 1
configure: failed program was:
| /* confdefs.h */
| #define PACKAGE_NAME "Fermi_Tests"
| #define PACKAGE_TARNAME "fermi_tests"
| #define PACKAGE_VERSION "1.0.0"
| #define PACKAGE_STRING "Fermi_Tests 1.0.0"
| #define PACKAGE_BUGREPORT "joseph.a.asercion@nasa.gov"
| #define PACKAGE_URL ""
| #define PACKAGE "fermi_tests"
| #define VERSION "1.0.0"
| #define STDC_HEADERS 1
| #define HAVE_SYS_TYPES_H 1
| #define HAVE_SYS_STAT_H 1
| #define HAVE_STDLIB_H 1
| #define HAVE_STRING_H 1
| #define HAVE_MEMORY_H 1
| #define HAVE_STRINGS_H 1
| #define HAVE_INTTYPES_H 1
| #define HAVE_STDINT_H 1
| #define HAVE_UNISTD_H 1
| #define HAVE_FENV_H 1
| #define HAVE_UNISTD_H 1
| /* end confdefs.h.  */
| #include <stdio.h>
| #ifdef HAVE_SYS_TYPES_H
| # include <sys/types.h>
| #endif
| #ifdef HAVE_SYS_STAT_H
| # include <sys/stat.h>
| #endif
| #ifdef STDC_HEADERS
| # include <stdlib.h>
| # include <stddef.h>
| #else
| # ifdef HAVE_STDLIB_H
| #  include <stdlib.h>
| # endif
| #endif
| #ifdef HAVE_STRING_H
| # if !defined STDC_HEADERS && defined HAVE_MEMORY_H
| #  include <memory.h>
| # endif
| # include <string.h>
| #endif
| #ifdef HAVE_STRINGS_H
| # include <strings.h>
| #endif
| #ifdef HAVE_INTTYPES_H
| # include <inttypes.h>
| #endif
| #ifdef HAVE_STDINT_H
| # include <stdint.h>
| #endif
| #ifdef HAVE_UNISTD_H
| # include <unistd.h>
| #endif
| int
| main ()
| {
| if (sizeof ((_Bool)))
| 	    return 0;
|   ;
|   return 0;
| }
configure:5541: result: yes
configure:5552: checking for inline
configure:5568: gcc -c -g -O2  conftest.c >&5
configure:5568: $? = 0
configure:5576: result: inline
configure:5594: checking for C/C++ restrict keyword
configure:5619: gcc -c -g -O2  conftest.c >&5
configure:5619: $? = 0
configure:5627: result: __restrict
configure:5640: checking for size_t
configure:5640: gcc -c -g -O2  conftest.c >&5
configure:5640: $? = 0
configure:5640: gcc -c -g -O2  conftest.c >&5
conftest.c: In function 'main':
conftest.c:61:21: error: expected expression before ')' token
 if (sizeof ((size_t)))
                     ^
configure:5640: $? = 1
configure: failed program was:
| /* confdefs.h */
| #define PACKAGE_NAME "Fermi_Tests"
| #define PACKAGE_TARNAME "fermi_tests"
| #define PACKAGE_VERSION "1.0.0"
| #define PACKAGE_STRING "Fermi_Tests 1.0.0"
| #define PACKAGE_BUGREPORT "joseph.a.asercion@nasa.gov"
| #define PACKAGE_URL ""
| #define PACKAGE "fermi_tests"
| #define VERSION "1.0.0"
| #define STDC_HEADERS 1
| #define HAVE_SYS_TYPES_H 1
| #define HAVE_SYS_STAT_H 1
| #define HAVE_STDLIB_H 1
| #define HAVE_STRING_H 1
| #define HAVE_MEMORY_H 1
| #define HAVE_STRINGS_H 1
| #define HAVE_INTTYPES_H 1
| #define HAVE_STDINT_H 1
| #define HAVE_UNISTD_H 1
| #define HAVE_FENV_H 1
| #define HAVE_UNISTD_H 1
| #define HAVE__BOOL 1
| #define restrict __restrict
| /* end confdefs.h.  */
| #include <stdio.h>
| #ifdef HAVE_SYS_TYPES_H
| # include <sys/types.h>
| #endif
| #ifdef HAVE_SYS_STAT_H
| # include <sys/stat.h>
| #endif
| #ifdef STDC_HEADERS
| # include <stdlib.h>
| # include <stddef.h>
| #else
| # ifdef HAVE_STDLIB_H
| #  include <stdlib.h>
| # endif
| #endif
| #ifdef HAVE_STRING_H
| # if !defined STDC_HEADERS && defined HAVE_MEMORY_H
| #  include <memory.h>
| # endif
| # include <string.h>
| #endif
| #ifdef HAVE_STRINGS_H
| # include <strings.h>
| #endif
| #ifdef HAVE_INTTYPES_H
| # include <inttypes.h>
| #endif
| #ifdef HAVE_STDINT_H
| # include <stdint.h>
| #endif
| #ifdef HAVE_UNISTD_H
| # include <unistd.h>
| #endif
| int
| main ()
| {
| if (sizeof ((size_t)))
| 	    return 0;
|   ;
|   return 0;
| }
configure:5640: result: yes
configure:5653: checking for error_at_line
configure:5669: gcc -o conftest -g -O2   conftest.c  >&5
configure:5669: $? = 0
configure:5677: result: yes
configure:5688: checking whether time.h and sys/time.h may both be included
configure:5708: gcc -c -g -O2  conftest.c >&5
configure:5708: $? = 0
configure:5715: result: yes
configure:5729: checking for sys/time.h
configure:5729: gcc -c -g -O2  conftest.c >&5
configure:5729: $? = 0
configure:5729: result: yes
configure:5729: checking for unistd.h
configure:5729: result: yes
configure:5750: checking for alarm
configure:5750: gcc -o conftest -g -O2   conftest.c  >&5
configure:5750: $? = 0
configure:5750: result: yes
configure:5763: checking for working mktime
configure:5965: gcc -o conftest -g -O2   conftest.c  >&5
configure:5965: $? = 0
configure:5965: ./conftest
configure:5965: $? = 0
configure:5975: result: yes
configure:5989: checking for mkdir
configure:5989: gcc -o conftest -g -O2   conftest.c  >&5
configure:5989: $? = 0
configure:5989: result: yes
configure:5989: checking for modf
configure:5989: gcc -o conftest -g -O2   conftest.c  >&5
conftest.c:53:6: warning: conflicting types for built-in function 'modf' [enabled by default]
 char modf ();
      ^
configure:5989: $? = 0
configure:5989: result: yes
configure:5989: checking for pow
configure:5989: gcc -o conftest -g -O2   conftest.c  >&5
conftest.c:54:6: warning: conflicting types for built-in function 'pow' [enabled by default]
 char pow ();
      ^
/tmp/ccoZiwup.o: In function `main':
/root/fermi-tests/conftest.c:65: undefined reference to `pow'
collect2: error: ld returned 1 exit status
configure:5989: $? = 1
configure: failed program was:
| /* confdefs.h */
| #define PACKAGE_NAME "Fermi_Tests"
| #define PACKAGE_TARNAME "fermi_tests"
| #define PACKAGE_VERSION "1.0.0"
| #define PACKAGE_STRING "Fermi_Tests 1.0.0"
| #define PACKAGE_BUGREPORT "joseph.a.asercion@nasa.gov"
| #define PACKAGE_URL ""
| #define PACKAGE "fermi_tests"
| #define VERSION "1.0.0"
| #define STDC_HEADERS 1
| #define HAVE_SYS_TYPES_H 1
| #define HAVE_SYS_STAT_H 1
| #define HAVE_STDLIB_H 1
| #define HAVE_STRING_H 1
| #define HAVE_MEMORY_H 1
| #define HAVE_STRINGS_H 1
| #define HAVE_INTTYPES_H 1
| #define HAVE_STDINT_H 1
| #define HAVE_UNISTD_H 1
| #define HAVE_FENV_H 1
| #define HAVE_UNISTD_H 1
| #define HAVE__BOOL 1
| #define restrict __restrict
| #define TIME_WITH_SYS_TIME 1
| #define HAVE_SYS_TIME_H 1
| #define HAVE_UNISTD_H 1
| #define HAVE_ALARM 1
| #define HAVE_MKDIR 1
| #define HAVE_MODF 1
| /* end confdefs.h.  */
| /* Define pow to an innocuous variant, in case <limits.h> declares pow.
|    For example, HP-UX 11i <limits.h> declares gettimeofday.  */
| #define pow innocuous_pow
| 
| /* System header to define __stub macros and hopefully few prototypes,
|     which can conflict with char pow (); below.
|     Prefer <limits.h> to <assert.h> if __STDC__ is defined, since
|     <limits.h> exists even on freestanding compilers.  */
| 
| #ifdef __STDC__
| # include <limits.h>
| #else
| # include <assert.h>
| #endif
| 
| #undef pow
| 
| /* Override any GCC internal prototype to avoid an error.
|    Use char because int might match the return type of a GCC
|    builtin and then its argument prototype would still apply.  */
| #ifdef __cplusplus
| extern "C"
| #endif
| char pow ();
| /* The GNU C library defines this for functions which it implements
|     to always fail with ENOSYS.  Some functions are actually named
|     something starting with __ and the normal name is an alias.  */
| #if defined __stub_pow || defined __stub___pow
| choke me
| #endif
| 
| int
| main ()
| {
| return pow ();
|   ;
|   return 0;
| }
configure:5989: result: no
configure:5989: checking for select
configure:5989: gcc -o conftest -g -O2   conftest.c  >&5
configure:5989: $? = 0
configure:5989: result: yes
configure:5989: checking for sqrt
configure:5989: gcc -o conftest -g -O2   conftest.c  >&5
conftest.c:55:6: warning: conflicting types for built-in function 'sqrt' [enabled by default]
 char sqrt ();
      ^
/tmp/cc2EMgLI.o: In function `main':
/root/fermi-tests/conftest.c:66: undefined reference to `sqrt'
collect2: error: ld returned 1 exit status
configure:5989: $? = 1
configure: failed program was:
| /* confdefs.h */
| #define PACKAGE_NAME "Fermi_Tests"
| #define PACKAGE_TARNAME "fermi_tests"
| #define PACKAGE_VERSION "1.0.0"
| #define PACKAGE_STRING "Fermi_Tests 1.0.0"
| #define PACKAGE_BUGREPORT "joseph.a.asercion@nasa.gov"
| #define PACKAGE_URL ""
| #define PACKAGE "fermi_tests"
| #define VERSION "1.0.0"
| #define STDC_HEADERS 1
| #define HAVE_SYS_TYPES_H 1
| #define HAVE_SYS_STAT_H 1
| #define HAVE_STDLIB_H 1
| #define HAVE_STRING_H 1
| #define HAVE_MEMORY_H 1
| #define HAVE_STRINGS_H 1
| #define HAVE_INTTYPES_H 1
| #define HAVE_STDINT_H 1
| #define HAVE_UNISTD_H 1
| #define HAVE_FENV_H 1
| #define HAVE_UNISTD_H 1
| #define HAVE__BOOL 1
| #define restrict __restrict
| #define TIME_WITH_SYS_TIME 1
| #define HAVE_SYS_TIME_H 1
| #define HAVE_UNISTD_H 1
| #define HAVE_ALARM 1
| #define HAVE_MKDIR 1
| #define HAVE_MODF 1
| #define HAVE_SELECT 1
| /* end confdefs.h.  */
| /* Define sqrt to an innocuous variant, in case <limits.h> declares sqrt.
|    For example, HP-UX 11i <limits.h> declares gettimeofday.  */
| #define sqrt innocuous_sqrt
| 
| /* System header to define __stub macros and hopefully few prototypes,
|     which can conflict with char sqrt (); below.
|     Prefer <limits.h> to <assert.h> if __STDC__ is defined, since
|     <limits.h> exists even on freestanding compilers.  */
| 
| #ifdef __STDC__
| # include <limits.h>
| #else
| # include <assert.h>
| #endif
| 
| #undef sqrt
| 
| /* Override any GCC internal prototype to avoid an error.
|    Use char because int might match the return type of a GCC
|    builtin and then its argument prototype would still apply.  */
| #ifdef __cplusplus
| extern "C"
| #endif
| char sqrt ();
| /* The GNU C library defines this for functions which it implements
|     to always fail with ENOSYS.  Some functions are actually named
|     something starting with __ and the normal name is an alias.  */
| #if defined __stub_sqrt || defined __stub___sqrt
| choke me
| #endif
| 
| int
| main ()
| {
| return sqrt ();
|   ;
|   return 0;
| }
configure:5989: result: no
configure:6110: checking that generated files are newer than configure
configure:6116: result: done
configure:6143: creating ./config.status

## ---------------------- ##
## Running config.status. ##
## ---------------------- ##

This file was extended by Fermi_Tests config.status 1.0.0, which was
generated by GNU Autoconf 2.69.  Invocation command line was

  CONFIG_FILES    = 
  CONFIG_HEADERS  = 
  CONFIG_LINKS    = 
  CONFIG_COMMANDS = 
  $ ./config.status 

on 2f0d584a4178

config.status:963: creating Likelihood/Makefile
config.status:963: creating Makefile
config.status:963: creating astro/Makefile
config.status:963: creating astro/data/Makefile
config.status:963: creating burstFit/Makefile
config.status:963: creating burstFit/data/Makefile
config.status:963: creating catalogAccess/Makefile
config.status:963: creating catalogAccess/data/Makefile
config.status:963: creating catalogAccess/data/outref/Makefile
config.status:963: creating celestialSources/EarthPhenom/Makefile
config.status:963: creating celestialSources/GRBobs/Makefile
config.status:963: creating celestialSources/GRBobs/data/Makefile
config.status:963: creating celestialSources/GRBobs/data/outref/Makefile
config.status:963: creating celestialSources/GRBtemplate/Makefile
config.status:963: creating celestialSources/GRBtemplate/data/outref/Makefile
config.status:963: creating celestialSources/GRBtemplate/data/Makefile
config.status:963: creating celestialSources/Makefile
config.status:963: creating celestialSources/eblAtten/Makefile
config.status:963: creating celestialSources/eblAtten/data/Makefile
config.status:963: creating celestialSources/genericSources/Makefile
config.status:963: creating celestialSources/genericSources/data/Makefile
config.status:963: creating celestialSources/genericSources/data/outref/Makefile
config.status:963: creating celestialSources/microQuasar/Makefile
config.status:963: creating dataSubselector/Makefile
config.status:963: creating dataSubselector/data/Makefile
config.status:963: creating dataSubselector/data/outref/Makefile
config.status:963: creating embed_python/Makefile
config.status:963: creating evtbin/Makefile
config.status:963: creating evtbin/data/Makefile
config.status:963: creating evtbin/data/outref/Makefile
config.status:963: creating facilities/Makefile
config.status:963: creating fitsGen/Makefile
config.status:963: creating fitsGen/data/Makefile
config.status:963: creating flux/Makefile
config.status:963: creating flux/data/Makefile
config.status:963: creating flux/data/outref/Makefile
config.status:963: creating healpix/Makefile
config.status:963: creating healpix/data/Makefile
config.status:963: creating irfs/Makefile
config.status:963: creating irfs/dc1aResponse/Makefile
config.status:963: creating irfs/dc1aResponse/data/Makefile
config.status:963: creating irfs/dc1aResponse/data/outref/Makefile
config.status:963: creating irfs/irfInterface/Makefile
config.status:963: creating irfs/irfLoader/Makefile
config.status:963: creating irfs/irfUtil/Makefile
config.status:963: creating irfs/latResponse/Makefile
config.status:963: creating irfs/latResponse/data/Makefile
config.status:963: creating irfs/testResponse/Makefile
config.status:963: creating irfs/testResponse/data/Makefile
config.status:963: creating irfs/testResponse/data/outref/Makefile
config.status:963: creating map_tools/Makefile
config.status:963: creating map_tools/data/Makefile
config.status:963: creating map_tools/data/outref/Makefile
config.status:963: creating observationSim/Makefile
config.status:963: creating observationSim/data/Makefile
config.status:963: creating observationSim/data/outref/Makefile
config.status:963: creating optimizers/Makefile
config.status:963: creating optimizers/data/Makefile
config.status:963: creating optimizers/data/outref/Makefile
config.status:963: creating orbitSim/Makefile
config.status:963: creating orbitSim/data/Makefile
config.status:963: creating periodSearch/Makefile
config.status:963: creating periodSearch/data/Makefile
config.status:963: creating periodSearch/data/outref/Makefile
config.status:963: creating pointlike/Makefile
config.status:963: creating pointlike/data/Makefile
config.status:963: creating pulsarDb/Makefile
config.status:963: creating pulsarDb/data/Makefile
config.status:963: creating pulsarDb/data/outref/Makefile
config.status:963: creating pulsePhase/Makefile
config.status:963: creating pulsePhase/data/Makefile
config.status:963: creating pulsePhase/data/outref/Makefile
config.status:963: creating rspgen/Makefile
config.status:963: creating rspgen/data/Makefile
config.status:963: creating rspgen/data/outref/Makefile
config.status:963: creating skymaps/Makefile
config.status:963: creating skymaps/data/Makefile
config.status:963: creating st_app/Makefile
config.status:963: creating st_facilities/Makefile
config.status:963: creating st_graph/Makefile
config.status:963: creating st_stream/Makefile
config.status:963: creating st_stream/data/Makefile
config.status:963: creating st_stream/data/outref/Makefile
config.status:963: creating timeSystem/Makefile
config.status:963: creating timeSystem/data/Makefile
config.status:963: creating timeSystem/data/outref/Makefile
config.status:963: creating tip/Makefile
config.status:963: creating tip/data/Makefile
config.status:963: creating tip/data/outref/Makefile
config.status:963: creating test-scripts/Makefile
config.status:963: creating test-scripts/data/Makefile
config.status:963: creating test-scripts/data/outref/Makefile
config.status:963: creating xmlBase/Makefile
config.status:963: creating xmlBase/data/Makefile
config.status:963: creating xmlBase/data/outref/Makefile
config.status:963: creating config.h
config.status:1144: config.h is unchanged
config.status:1192: executing depfiles commands

## ---------------- ##
## Cache variables. ##
## ---------------- ##

ac_cv_c_compiler_gnu=yes
ac_cv_c_inline=inline
ac_cv_c_restrict=__restrict
ac_cv_cxx_compiler_gnu=yes
ac_cv_env_CCC_set=
ac_cv_env_CCC_value=
ac_cv_env_CC_set=
ac_cv_env_CC_value=
ac_cv_env_CFLAGS_set=
ac_cv_env_CFLAGS_value=
ac_cv_env_CPPFLAGS_set=
ac_cv_env_CPPFLAGS_value=
ac_cv_env_CPP_set=
ac_cv_env_CPP_value=
ac_cv_env_CXXFLAGS_set=
ac_cv_env_CXXFLAGS_value=
ac_cv_env_CXX_set=
ac_cv_env_CXX_value=
ac_cv_env_LDFLAGS_set=
ac_cv_env_LDFLAGS_value=
ac_cv_env_LIBS_set=
ac_cv_env_LIBS_value=
ac_cv_env_build_alias_set=
ac_cv_env_build_alias_value=
ac_cv_env_host_alias_set=
ac_cv_env_host_alias_value=
ac_cv_env_target_alias_set=
ac_cv_env_target_alias_value=
ac_cv_func_alarm=yes
ac_cv_func_mkdir=yes
ac_cv_func_modf=yes
ac_cv_func_pow=no
ac_cv_func_select=yes
ac_cv_func_sqrt=no
ac_cv_func_working_mktime=yes
ac_cv_header_fenv_h=yes
ac_cv_header_inttypes_h=yes
ac_cv_header_memory_h=yes
ac_cv_header_stdbool_h=yes
ac_cv_header_stdc=yes
ac_cv_header_stdint_h=yes
ac_cv_header_stdlib_h=yes
ac_cv_header_string_h=yes
ac_cv_header_strings_h=yes
ac_cv_header_sys_stat_h=yes
ac_cv_header_sys_time_h=yes
ac_cv_header_sys_types_h=yes
ac_cv_header_time=yes
ac_cv_header_unistd_h=yes
ac_cv_lib_EarthPhenom_main=no
ac_cv_lib_GRBobs_main=no
ac_cv_lib_GRBtemplate_main=no
ac_cv_lib_SpectObj_main=no
ac_cv_lib_TreePlayer_main=no
ac_cv_lib_dc1aResponse_main=no
ac_cv_lib_eblAtten_main=no
ac_cv_lib_error_at_line=yes
ac_cv_lib_evtUtils_main=no
ac_cv_lib_genericSources_main=no
ac_cv_lib_gsl_main=no
ac_cv_lib_gslcblas_main=no
ac_cv_lib_healpix_cxx_main=no
ac_cv_lib_irfInterface_main=no
ac_cv_lib_irfLoader_main=no
ac_cv_lib_irfUtil_main=no
ac_cv_lib_latResponse_main=no
ac_cv_lib_microQuasar_main=no
ac_cv_lib_testResponse_main=no
ac_cv_lib_xmlBase_main=no
ac_cv_objext=o
ac_cv_path_EGREP='/bin/grep -E'
ac_cv_path_GREP=/bin/grep
ac_cv_path_install='/usr/bin/install -c'
ac_cv_path_mkdir=/bin/mkdir
ac_cv_prog_AWK=gawk
ac_cv_prog_CPP='gcc -E'
ac_cv_prog_ac_ct_CC=gcc
ac_cv_prog_ac_ct_CXX=g++
ac_cv_prog_cc_c89=
ac_cv_prog_cc_g=yes
ac_cv_prog_cxx_g=yes
ac_cv_prog_make_make_set=yes
ac_cv_type__Bool=yes
ac_cv_type_size_t=yes
am_cv_CC_dependencies_compiler_type=gcc3
am_cv_CXX_dependencies_compiler_type=gcc3
am_cv_make_support_nested_variables=yes
am_cv_prog_cc_c_o=yes

## ----------------- ##
## Output variables. ##
## ----------------- ##

ACLOCAL='${SHELL} /root/fermi-tests/missing aclocal-1.15'
AMDEPBACKSLASH='\'
AMDEP_FALSE='#'
AMDEP_TRUE=''
AMTAR='$${TAR-tar}'
AM_BACKSLASH='\'
AM_DEFAULT_V='$(AM_DEFAULT_VERBOSITY)'
AM_DEFAULT_VERBOSITY='1'
AM_V='$(V)'
AUTOCONF='${SHELL} /root/fermi-tests/missing autoconf'
AUTOHEADER='${SHELL} /root/fermi-tests/missing autoheader'
AUTOMAKE='${SHELL} /root/fermi-tests/missing automake-1.15'
AWK='gawk'
CC='gcc'
CCDEPMODE='depmode=gcc3'
CFLAGS='-g -O2'
CPP='gcc -E'
CPPFLAGS=''
CXX='g++'
CXXDEPMODE='depmode=gcc3'
CXXFLAGS='-g -O2'
CYGPATH_W='echo'
DEFS='-DHAVE_CONFIG_H'
DEPDIR='.deps'
ECHO_C=''
ECHO_N='-n'
ECHO_T=''
EGREP='/bin/grep -E'
EXEEXT=''
GREP='/bin/grep'
INSTALL_DATA='${INSTALL} -m 644'
INSTALL_PROGRAM='${INSTALL}'
INSTALL_SCRIPT='${INSTALL}'
INSTALL_STRIP_PROGRAM='$(install_sh) -c -s'
LDFLAGS=''
LIBOBJS=''
LIBS=''
LTLIBOBJS=''
MAKEINFO='${SHELL} /root/fermi-tests/missing makeinfo'
MKDIR_P='/bin/mkdir -p'
OBJEXT='o'
PACKAGE='fermi_tests'
PACKAGE_BUGREPORT='joseph.a.asercion@nasa.gov'
PACKAGE_NAME='Fermi_Tests'
PACKAGE_STRING='Fermi_Tests 1.0.0'
PACKAGE_TARNAME='fermi_tests'
PACKAGE_URL=''
PACKAGE_VERSION='1.0.0'
PATH_SEPARATOR=':'
SET_MAKE=''
SHELL='/bin/sh'
STRIP=''
VERSION='1.0.0'
ac_ct_CC='gcc'
ac_ct_CXX='g++'
am__EXEEXT_FALSE=''
am__EXEEXT_TRUE='#'
am__fastdepCC_FALSE='#'
am__fastdepCC_TRUE=''
am__fastdepCXX_FALSE='#'
am__fastdepCXX_TRUE=''
am__include='include'
am__isrc=''
am__leading_dot='.'
am__nodep='_no'
am__quote=''
am__tar='$${TAR-tar} chof - "$$tardir"'
am__untar='$${TAR-tar} xf -'
bindir='${exec_prefix}/bin'
build_alias=''
datadir='${datarootdir}'
datarootdir='${prefix}/share'
docdir='${datarootdir}/doc/${PACKAGE_TARNAME}'
dvidir='${docdir}'
exec_prefix='${prefix}'
host_alias=''
htmldir='${docdir}'
includedir='${prefix}/include'
infodir='${datarootdir}/info'
install_sh='${SHELL} /root/fermi-tests/install-sh'
libdir='${exec_prefix}/lib'
libexecdir='${exec_prefix}/libexec'
localedir='${datarootdir}/locale'
localstatedir='${prefix}/var'
mandir='${datarootdir}/man'
mkdir_p='$(MKDIR_P)'
oldincludedir='/usr/include'
pdfdir='${docdir}'
prefix='/usr/local'
program_transform_name='s,x,x,'
psdir='${docdir}'
sbindir='${exec_prefix}/sbin'
sharedstatedir='${prefix}/com'
sysconfdir='${prefix}/etc'
target_alias=''

## ----------- ##
## confdefs.h. ##
## ----------- ##

/* confdefs.h */
#define PACKAGE_NAME "Fermi_Tests"
#define PACKAGE_TARNAME "fermi_tests"
#define PACKAGE_VERSION "1.0.0"
#define PACKAGE_STRING "Fermi_Tests 1.0.0"
#define PACKAGE_BUGREPORT "joseph.a.asercion@nasa.gov"
#define PACKAGE_URL ""
#define PACKAGE "fermi_tests"
#define VERSION "1.0.0"
#define STDC_HEADERS 1
#define HAVE_SYS_TYPES_H 1
#define HAVE_SYS_STAT_H 1
#define HAVE_STDLIB_H 1
#define HAVE_STRING_H 1
#define HAVE_MEMORY_H 1
#define HAVE_STRINGS_H 1
#define HAVE_INTTYPES_H 1
#define HAVE_STDINT_H 1
#define HAVE_UNISTD_H 1
#define HAVE_FENV_H 1
#define HAVE_UNISTD_H 1
#define HAVE__BOOL 1
#define restrict __restrict
#define TIME_WITH_SYS_TIME 1
#define HAVE_SYS_TIME_H 1
#define HAVE_UNISTD_H 1
#define HAVE_ALARM 1
#define HAVE_MKDIR 1
#define HAVE_MODF 1
#define HAVE_SELECT 1

configure: exit 0
